2021-12-17 18:31:59 [INFO] Starting minecraft server version 1.5.2
2021-12-17 18:31:59 [INFO] Loading properties
2021-12-17 18:31:59 [WARNING] server.properties does not exist
2021-12-17 18:31:59 [INFO] Generating new properties file
2021-12-17 18:31:59 [INFO] Default game type: SURVIVAL
2021-12-17 18:32:00 [INFO] This server is running CraftBukkit version git-Spigot-959 (MC: 1.5.2) (Implementing API version 1.5.2-R1.1-SNAPSHOT)
2021-12-17 18:32:00 [INFO] Generating keypair
2021-12-17 18:32:00 [INFO] Starting listener #0 on *:25565
2021-12-17 18:32:00 [INFO] You don't have Javassist in your class path or you don't have enough permission to load dynamically generated classes.  Please check the configuration for better performance.
2021-12-17 18:32:00 [INFO] Your platform does not provide complete low-level API for accessing direct buffers reliably. Unless explicitly requested, heap buffer will always be preferred to avoid potential system unstability.
2021-12-17 18:32:00 [WARNING] **** FAILED TO BIND TO PORT!
2021-12-17 18:32:00 [WARNING] The exception was: java.net.BindException: Address already in use: bind
2021-12-17 18:32:00 [WARNING] Perhaps a server is already running on that port?
2021-12-17 18:32:20 [INFO] Stopping server
2021-12-17 18:32:20 [INFO] Saving players
2021-12-17 18:32:20 [INFO] Saving worlds
2021-12-17 18:32:20 [INFO] Stopping server
2021-12-17 18:33:46 [INFO] Starting minecraft server version 1.5.2
2021-12-17 18:33:46 [INFO] Loading properties
2021-12-17 18:33:46 [INFO] Default game type: SURVIVAL
2021-12-17 18:33:47 [INFO] This server is running CraftBukkit version git-Spigot-959 (MC: 1.5.2) (Implementing API version 1.5.2-R1.1-SNAPSHOT)
2021-12-17 18:33:47 [INFO] Generating keypair
2021-12-17 18:33:47 [INFO] Starting listener #0 on *:25569
2021-12-17 18:33:47 [INFO] You don't have Javassist in your class path or you don't have enough permission to load dynamically generated classes.  Please check the configuration for better performance.
2021-12-17 18:33:47 [INFO] Your platform does not provide complete low-level API for accessing direct buffers reliably. Unless explicitly requested, heap buffer will always be preferred to avoid potential system unstability.
2021-12-17 18:33:47 [INFO] Preparing level "world"
2021-12-17 18:33:47 [INFO] -------- World Settings For [world] --------
2021-12-17 18:33:47 [INFO] View Distance: 10
2021-12-17 18:33:47 [INFO] Chunks to Grow per Tick: 650
2021-12-17 18:33:47 [INFO] Experience Merge Radius: 3.0
2021-12-17 18:33:47 [INFO] Item Merge Radius: 2.5
2021-12-17 18:33:47 [INFO] Cactus Growth Modifier: 100%
2021-12-17 18:33:47 [INFO] Cane Growth Modifier: 100%
2021-12-17 18:33:47 [INFO] Melon Growth Modifier: 100%
2021-12-17 18:33:47 [INFO] Mushroom Growth Modifier: 100%
2021-12-17 18:33:47 [INFO] Pumpkin Growth Modifier: 100%
2021-12-17 18:33:47 [INFO] Sapling Growth Modifier: 100%
2021-12-17 18:33:47 [INFO] Wheat Growth Modifier: 100%
2021-12-17 18:33:47 [INFO] Anti X-Ray: true
2021-12-17 18:33:47 [INFO] 	Engine Mode: 1
2021-12-17 18:33:47 [INFO] 	Blocks: [1, 5, 14, 15, 16, 21, 48, 49, 54, 56, 73, 74, 82, 129, 130]
2021-12-17 18:33:47 [INFO] Mob Spawn Range: 4
2021-12-17 18:33:47 [INFO] Hopper Transfer: 8 Hopper Check: 8
2021-12-17 18:33:47 [INFO] Entity Activation Range: An 32 / Mo 32 / Mi 16
2021-12-17 18:33:47 [INFO] Entity Tracking Range: Pl 48 / An 48 / Mo 48 / Mi 32 / Other 64
2021-12-17 18:33:47 [INFO] Random Lighting Updates: false
2021-12-17 18:33:47 [INFO] -------- World Settings For [world_nether] --------
2021-12-17 18:33:47 [INFO] View Distance: 10
2021-12-17 18:33:47 [INFO] Chunks to Grow per Tick: 650
2021-12-17 18:33:47 [INFO] Experience Merge Radius: 3.0
2021-12-17 18:33:47 [INFO] Item Merge Radius: 2.5
2021-12-17 18:33:47 [INFO] Cactus Growth Modifier: 100%
2021-12-17 18:33:47 [INFO] Cane Growth Modifier: 100%
2021-12-17 18:33:47 [INFO] Melon Growth Modifier: 100%
2021-12-17 18:33:47 [INFO] Mushroom Growth Modifier: 100%
2021-12-17 18:33:47 [INFO] Pumpkin Growth Modifier: 100%
2021-12-17 18:33:47 [INFO] Sapling Growth Modifier: 100%
2021-12-17 18:33:47 [INFO] Wheat Growth Modifier: 100%
2021-12-17 18:33:47 [INFO] Anti X-Ray: true
2021-12-17 18:33:47 [INFO] 	Engine Mode: 1
2021-12-17 18:33:47 [INFO] 	Blocks: [1, 5, 14, 15, 16, 21, 48, 49, 54, 56, 73, 74, 82, 129, 130]
2021-12-17 18:33:47 [INFO] Mob Spawn Range: 4
2021-12-17 18:33:47 [INFO] Hopper Transfer: 8 Hopper Check: 8
2021-12-17 18:33:47 [INFO] Entity Activation Range: An 32 / Mo 32 / Mi 16
2021-12-17 18:33:47 [INFO] Entity Tracking Range: Pl 48 / An 48 / Mo 48 / Mi 32 / Other 64
2021-12-17 18:33:47 [INFO] Random Lighting Updates: false
2021-12-17 18:33:48 [INFO] -------- World Settings For [world_the_end] --------
2021-12-17 18:33:48 [INFO] View Distance: 10
2021-12-17 18:33:48 [INFO] Chunks to Grow per Tick: 650
2021-12-17 18:33:48 [INFO] Experience Merge Radius: 3.0
2021-12-17 18:33:48 [INFO] Item Merge Radius: 2.5
2021-12-17 18:33:48 [INFO] Cactus Growth Modifier: 100%
2021-12-17 18:33:48 [INFO] Cane Growth Modifier: 100%
2021-12-17 18:33:48 [INFO] Melon Growth Modifier: 100%
2021-12-17 18:33:48 [INFO] Mushroom Growth Modifier: 100%
2021-12-17 18:33:48 [INFO] Pumpkin Growth Modifier: 100%
2021-12-17 18:33:48 [INFO] Sapling Growth Modifier: 100%
2021-12-17 18:33:48 [INFO] Wheat Growth Modifier: 100%
2021-12-17 18:33:48 [INFO] Anti X-Ray: true
2021-12-17 18:33:48 [INFO] 	Engine Mode: 1
2021-12-17 18:33:48 [INFO] 	Blocks: [1, 5, 14, 15, 16, 21, 48, 49, 54, 56, 73, 74, 82, 129, 130]
2021-12-17 18:33:48 [INFO] Mob Spawn Range: 4
2021-12-17 18:33:48 [INFO] Hopper Transfer: 8 Hopper Check: 8
2021-12-17 18:33:48 [INFO] Entity Activation Range: An 32 / Mo 32 / Mi 16
2021-12-17 18:33:48 [INFO] Entity Tracking Range: Pl 48 / An 48 / Mo 48 / Mi 32 / Other 64
2021-12-17 18:33:48 [INFO] Random Lighting Updates: false
2021-12-17 18:33:48 [INFO] Preparing start region for level 0 (Seed: -855162288097023011)
2021-12-17 18:33:49 [INFO] Preparing spawn area: 37%
2021-12-17 18:33:50 [INFO] Preparing spawn area: 83%
2021-12-17 18:33:50 [INFO] Preparing start region for level 1 (Seed: -855162288097023011)
2021-12-17 18:33:51 [INFO] Preparing spawn area: 33%
2021-12-17 18:33:52 [INFO] Preparing spawn area: 95%
2021-12-17 18:33:52 [INFO] Preparing start region for level 2 (Seed: -855162288097023011)
2021-12-17 18:33:53 [INFO] Preparing spawn area: 95%
2021-12-17 18:33:53 [INFO] Server permissions file permissions.yml is empty, ignoring it
2021-12-17 18:33:53 [INFO] Done (5.791s)! For help, type "help" or "?"
2021-12-17 18:39:40 [INFO] Disconnecting DumpsterFuck41_ [/127.0.0.1:64411]: Failed to verify username!
2021-12-17 18:39:40 [WARNING] Exception verifying DumpsterFuck41_
java.lang.NullPointerException: Cannot invoke "javax.crypto.SecretKey.getEncoded()" because "<parameter3>" is null
	at net.minecraft.server.v1_5_R3.MinecraftEncryption.a(SourceFile:65)
	at net.minecraft.server.v1_5_R3.ThreadLoginVerifier.auth(ThreadLoginVerifier.java:31)
	at net.minecraft.server.v1_5_R3.ThreadLoginVerifier.run(ThreadLoginVerifier.java:52)
2021-12-17 18:40:15 [INFO] CONSOLE: Stopping the server..[m

2021-12-17 18:40:15 [INFO] Stopping server
2021-12-17 18:40:15 [INFO] Saving players
2021-12-17 18:40:15 [INFO] Saving worlds
2021-12-17 18:40:15 [INFO] Saving chunks for level 'world'/Overworld
2021-12-17 18:40:16 [INFO] Saving chunks for level 'world_nether'/Nether
2021-12-17 18:40:16 [INFO] Saving chunks for level 'world_the_end'/The End
2021-12-17 18:40:56 [INFO] Starting minecraft server version 1.5.2
2021-12-17 18:40:56 [INFO] Loading properties
2021-12-17 18:40:56 [INFO] Default game type: SURVIVAL
2021-12-17 18:40:57 [INFO] This server is running CraftBukkit version git-Spigot-959 (MC: 1.5.2) (Implementing API version 1.5.2-R1.1-SNAPSHOT)
2021-12-17 18:40:57 [INFO] Generating keypair
2021-12-17 18:40:57 [INFO] Starting listener #0 on *:25569
2021-12-17 18:40:57 [INFO] You don't have Javassist in your class path or you don't have enough permission to load dynamically generated classes.  Please check the configuration for better performance.
2021-12-17 18:40:57 [INFO] Your platform does not provide complete low-level API for accessing direct buffers reliably. Unless explicitly requested, heap buffer will always be preferred to avoid potential system unstability.
2021-12-17 18:40:57 [WARNING] **** SERVER IS RUNNING IN OFFLINE/INSECURE MODE!
2021-12-17 18:40:57 [WARNING] The server will make no attempt to authenticate usernames. Beware.
2021-12-17 18:40:57 [WARNING] While this makes the game possible to play without internet access, it also opens up the ability for hackers to connect with any username they choose.
2021-12-17 18:40:57 [WARNING] To change this, set "online-mode" to "true" in the server.properties file.
2021-12-17 18:40:57 [INFO] Preparing level "world"
2021-12-17 18:40:57 [INFO] -------- World Settings For [world] --------
2021-12-17 18:40:57 [INFO] Chunks to Grow per Tick: 650
2021-12-17 18:40:57 [INFO] Experience Merge Radius: 3.0
2021-12-17 18:40:57 [INFO] View Distance: 10
2021-12-17 18:40:57 [INFO] Item Merge Radius: 2.5
2021-12-17 18:40:57 [INFO] Cactus Growth Modifier: 100%
2021-12-17 18:40:57 [INFO] Cane Growth Modifier: 100%
2021-12-17 18:40:57 [INFO] Melon Growth Modifier: 100%
2021-12-17 18:40:57 [INFO] Mushroom Growth Modifier: 100%
2021-12-17 18:40:57 [INFO] Pumpkin Growth Modifier: 100%
2021-12-17 18:40:57 [INFO] Sapling Growth Modifier: 100%
2021-12-17 18:40:57 [INFO] Wheat Growth Modifier: 100%
2021-12-17 18:40:57 [INFO] Entity Activation Range: An 32 / Mo 32 / Mi 16
2021-12-17 18:40:57 [INFO] Entity Tracking Range: Pl 48 / An 48 / Mo 48 / Mi 32 / Other 64
2021-12-17 18:40:57 [INFO] Random Lighting Updates: false
2021-12-17 18:40:57 [INFO] Hopper Transfer: 8 Hopper Check: 8
2021-12-17 18:40:57 [INFO] Mob Spawn Range: 4
2021-12-17 18:40:57 [INFO] Anti X-Ray: true
2021-12-17 18:40:57 [INFO] 	Engine Mode: 1
2021-12-17 18:40:57 [INFO] 	Blocks: [1, 5, 14, 15, 16, 21, 48, 49, 54, 56, 73, 74, 82, 129, 130]
2021-12-17 18:40:57 [INFO] -------- World Settings For [world_nether] --------
2021-12-17 18:40:57 [INFO] Chunks to Grow per Tick: 650
2021-12-17 18:40:57 [INFO] Experience Merge Radius: 3.0
2021-12-17 18:40:57 [INFO] View Distance: 10
2021-12-17 18:40:57 [INFO] Item Merge Radius: 2.5
2021-12-17 18:40:57 [INFO] Cactus Growth Modifier: 100%
2021-12-17 18:40:57 [INFO] Cane Growth Modifier: 100%
2021-12-17 18:40:57 [INFO] Melon Growth Modifier: 100%
2021-12-17 18:40:57 [INFO] Mushroom Growth Modifier: 100%
2021-12-17 18:40:57 [INFO] Pumpkin Growth Modifier: 100%
2021-12-17 18:40:57 [INFO] Sapling Growth Modifier: 100%
2021-12-17 18:40:57 [INFO] Wheat Growth Modifier: 100%
2021-12-17 18:40:57 [INFO] Entity Activation Range: An 32 / Mo 32 / Mi 16
2021-12-17 18:40:57 [INFO] Entity Tracking Range: Pl 48 / An 48 / Mo 48 / Mi 32 / Other 64
2021-12-17 18:40:57 [INFO] Random Lighting Updates: false
2021-12-17 18:40:57 [INFO] Hopper Transfer: 8 Hopper Check: 8
2021-12-17 18:40:57 [INFO] Mob Spawn Range: 4
2021-12-17 18:40:57 [INFO] Anti X-Ray: true
2021-12-17 18:40:57 [INFO] 	Engine Mode: 1
2021-12-17 18:40:57 [INFO] 	Blocks: [1, 5, 14, 15, 16, 21, 48, 49, 54, 56, 73, 74, 82, 129, 130]
2021-12-17 18:40:57 [INFO] -------- World Settings For [world_the_end] --------
2021-12-17 18:40:57 [INFO] Chunks to Grow per Tick: 650
2021-12-17 18:40:57 [INFO] Experience Merge Radius: 3.0
2021-12-17 18:40:57 [INFO] View Distance: 10
2021-12-17 18:40:57 [INFO] Item Merge Radius: 2.5
2021-12-17 18:40:57 [INFO] Cactus Growth Modifier: 100%
2021-12-17 18:40:57 [INFO] Cane Growth Modifier: 100%
2021-12-17 18:40:57 [INFO] Melon Growth Modifier: 100%
2021-12-17 18:40:57 [INFO] Mushroom Growth Modifier: 100%
2021-12-17 18:40:57 [INFO] Pumpkin Growth Modifier: 100%
2021-12-17 18:40:57 [INFO] Sapling Growth Modifier: 100%
2021-12-17 18:40:57 [INFO] Wheat Growth Modifier: 100%
2021-12-17 18:40:57 [INFO] Entity Activation Range: An 32 / Mo 32 / Mi 16
2021-12-17 18:40:57 [INFO] Entity Tracking Range: Pl 48 / An 48 / Mo 48 / Mi 32 / Other 64
2021-12-17 18:40:57 [INFO] Random Lighting Updates: false
2021-12-17 18:40:57 [INFO] Hopper Transfer: 8 Hopper Check: 8
2021-12-17 18:40:57 [INFO] Mob Spawn Range: 4
2021-12-17 18:40:57 [INFO] Anti X-Ray: true
2021-12-17 18:40:57 [INFO] 	Engine Mode: 1
2021-12-17 18:40:57 [INFO] 	Blocks: [1, 5, 14, 15, 16, 21, 48, 49, 54, 56, 73, 74, 82, 129, 130]
2021-12-17 18:40:57 [INFO] Preparing start region for level 0 (Seed: -855162288097023011)
2021-12-17 18:40:57 [INFO] Preparing start region for level 1 (Seed: -855162288097023011)
2021-12-17 18:40:58 [INFO] Preparing start region for level 2 (Seed: -855162288097023011)
2021-12-17 18:40:58 [INFO] Server permissions file permissions.yml is empty, ignoring it
2021-12-17 18:40:58 [INFO] Done (0.952s)! For help, type "help" or "?"
2021-12-17 18:41:02 [INFO] DumpsterFuck41_[/127.0.0.1:64420] logged in with entity id 1774 at ([world] -206.5, 71.0, 252.5)
2021-12-17 18:43:22 [INFO] DumpsterFuck41_ lost connection: disconnect.quitting
2021-12-17 18:55:48 [INFO] DumpsterFuck41_[/127.0.0.1:64719] logged in with entity id 2659 at ([world] -257.28834483493495, 74.0, 262.5991733628332)
2021-12-17 18:59:07 [INFO] DumpsterFuck41_ lost connection: disconnect.quitting
2021-12-17 18:59:22 [INFO] DumpsterFuck41_[/127.0.0.1:64731] logged in with entity id 3316 at ([world] -257.28834483493495, 74.0, 262.5991733628332)
2021-12-17 19:00:09 [INFO] DumpsterFuck41_ lost connection: disconnect.quitting
2021-12-17 19:02:34 [INFO] DumpsterFuck41_[/127.0.0.1:64738] logged in with entity id 3628 at ([world] -228.193949324868, 78.0, 271.1318992981757)
2021-12-17 19:04:41 [INFO] DumpsterFuck41_ lost connection: disconnect.quitting
2021-12-17 19:04:51 [INFO] DumpsterFuck41_[/127.0.0.1:64747] logged in with entity id 4243 at ([world] -241.92623246399458, 78.0, 283.30000001192093)
2021-12-17 19:05:24 [INFO] DumpsterFuck41_ lost connection: disconnect.genericReason
2021-12-17 19:05:24 [SEVERE] io.netty.handler.timeout.ReadTimeoutException

2021-12-17 19:08:22 [INFO] DumpsterFuck41_[/127.0.0.1:64755] logged in with entity id 4413 at ([world] -241.92623246399458, 78.0, 283.30000001192093)
2021-12-17 19:11:12 [INFO] DumpsterFuck41_ lost connection: disconnect.quitting
2021-12-17 19:11:30 [INFO] DumpsterFuck41_[/127.0.0.1:64767] logged in with entity id 4810 at ([world] -248.3870677052378, 76.0, 299.2845998985032)
2021-12-17 19:17:46 [INFO] DumpsterFuck41_ lost connection: disconnect.quitting
2021-12-17 19:18:03 [INFO] DumpsterFuck41_[/127.0.0.1:64781] logged in with entity id 5683 at ([world] -262.82134245931064, 76.0, 304.9033908257818)
2021-12-17 19:19:26 [INFO] DumpsterFuck41_ lost connection: disconnect.quitting
2021-12-17 19:19:39 [INFO] DumpsterFuck41_[/127.0.0.1:64795] logged in with entity id 6016 at ([world] -263.592707593921, 76.0, 305.60714773637625)
2021-12-17 19:21:23 [SEVERE] io.netty.handler.timeout.ReadTimeoutException

2021-12-17 19:21:23 [INFO] DumpsterFuck41_ lost connection: disconnect.genericReason
2021-12-17 19:27:50 [INFO] DumpsterFuck41_[/127.0.0.1:64829] logged in with entity id 6466 at ([world] -263.20669983544934, 68.66483293953216, 299.30000001192093)
2021-12-17 19:28:42 [INFO] DumpsterFuck41_ lost connection: disconnect.quitting
2021-12-17 19:32:22 [INFO] DumpsterFuck41_[/127.0.0.1:64840] logged in with entity id 6733 at ([world] -265.48936340189135, 73.0, 286.96534454456935)
2021-12-17 19:32:43 [INFO] DumpsterFuck41_ lost connection: disconnect.quitting
2021-12-17 19:41:41 [INFO] DumpsterFuck41_[/127.0.0.1:50122] logged in with entity id 6891 at ([world] -265.8803942569905, 74.0, 289.2177625408024)
2021-12-17 19:42:03 [INFO] DumpsterFuck41_ lost connection: disconnect.quitting
2023-03-31 13:21:24 [INFO] Starting minecraft server version 1.5.2
2023-03-31 13:21:24 [INFO] Loading properties
2023-03-31 13:21:24 [INFO] Default game type: SURVIVAL
2023-03-31 13:21:24 [INFO] Generating keypair
2023-03-31 13:21:25 [INFO] Starting Minecraft server on *:25569
2023-03-31 13:21:25 [INFO] This server is running CraftBukkit version git-Bukkit-1.5.2-R1.0-b2788jnks (MC: 1.5.2) (Implementing API version 1.5.2-R1.0)
2023-03-31 13:21:25 [WARNING] **** SERVER IS RUNNING IN OFFLINE/INSECURE MODE!
2023-03-31 13:21:25 [WARNING] The server will make no attempt to authenticate usernames. Beware.
2023-03-31 13:21:25 [WARNING] While this makes the game possible to play without internet access, it also opens up the ability for hackers to connect with any username they choose.
2023-03-31 13:21:25 [WARNING] To change this, set "online-mode" to "true" in the server.properties file.
2023-03-31 13:21:25 [INFO] Preparing level "world"
2023-03-31 13:21:25 [INFO] Preparing start region for level 0 (Seed: -855162288097023011)
2023-03-31 13:21:25 [SEVERE] Exception in thread "Thread-5" 
2023-03-31 13:21:25 [SEVERE] org.bukkit.craftbukkit.libs.com.google.gson.JsonSyntaxException: java.lang.IllegalStateException: Expected BEGIN_OBJECT but was STRING at line 1 column 7
2023-03-31 13:21:25 [SEVERE] 	at org.bukkit.craftbukkit.libs.com.google.gson.internal.bind.ReflectiveTypeAdapterFactory$Adapter.read(ReflectiveTypeAdapterFactory.java:180)
2023-03-31 13:21:25 [SEVERE] 	at org.bukkit.craftbukkit.libs.com.google.gson.Gson.fromJson(Gson.java:755)
2023-03-31 13:21:25 [SEVERE] 	at org.bukkit.craftbukkit.libs.com.google.gson.Gson.fromJson(Gson.java:694)
2023-03-31 13:21:25 [SEVERE] 	at org.bukkit.craftbukkit.v1_5_R3.updater.BukkitDLUpdaterService.fetchArtifact(BukkitDLUpdaterService.java:51)
2023-03-31 13:21:25 [SEVERE] 	at org.bukkit.craftbukkit.v1_5_R3.updater.BukkitDLUpdaterService.getArtifact(BukkitDLUpdaterService.java:28)
2023-03-31 13:21:25 [SEVERE] 	at org.bukkit.craftbukkit.v1_5_R3.updater.AutoUpdater$1.run(AutoUpdater.java:77)
2023-03-31 13:21:25 [SEVERE] Caused by: java.lang.IllegalStateException: Expected BEGIN_OBJECT but was STRING at line 1 column 7
2023-03-31 13:21:25 [SEVERE] 	at org.bukkit.craftbukkit.libs.com.google.gson.stream.JsonReader.expect(JsonReader.java:339)
2023-03-31 13:21:25 [SEVERE] 	at org.bukkit.craftbukkit.libs.com.google.gson.stream.JsonReader.beginObject(JsonReader.java:322)
2023-03-31 13:21:25 [SEVERE] 	at org.bukkit.craftbukkit.libs.com.google.gson.internal.bind.ReflectiveTypeAdapterFactory$Adapter.read(ReflectiveTypeAdapterFactory.java:168)
2023-03-31 13:21:25 [SEVERE] 	... 5 more
2023-03-31 13:21:26 [INFO] Preparing start region for level 1 (Seed: -855162288097023011)
2023-03-31 13:21:26 [INFO] Preparing spawn area: 66%
2023-03-31 13:21:26 [INFO] Preparing start region for level 2 (Seed: -855162288097023011)
2023-03-31 13:21:26 [INFO] Server permissions file permissions.yml is empty, ignoring it
2023-03-31 13:21:26 [INFO] Done (1.285s)! For help, type "help" or "?"
2023-03-31 13:35:33 [INFO] rv[/127.0.0.1:36041] logged in with entity id 383 at ([world] -213.5, 67.0, 250.5)
2023-03-31 13:35:42 [WARNING] rv moved too quickly! 213.5,-68.62000000476837,-250.5 (213.5, 68.62000000476837, 250.5)
2023-03-31 13:35:50 [INFO] rv lost connection: disconnect.quitting
2023-03-31 13:35:50 [INFO] Connection reset
2023-03-31 13:36:14 [INFO] rv[/127.0.0.1:32905] logged in with entity id 1194 at ([world] -213.5, 67.0, 250.5)
2023-03-31 13:36:41 [WARNING] rv moved too quickly! 200.30000001192093,-71.62000000476837,-214.2596243907594 (200.30000001192093, 71.62000000476837, 214.2596243907594)
2023-03-31 13:39:12 [INFO] CONSOLE: Forcing save..[m
2023-03-31 13:39:12 [INFO] CONSOLE: Save complete.[m
2023-03-31 13:39:15 [INFO] CONSOLE: Enabled level saving..[m
2023-03-31 13:39:20 [INFO] Unknown command. Type "help" for help.[m
2023-03-31 13:39:36 [INFO] CONSOLE: Opped rv[m
2023-03-31 13:39:47 [INFO] rv issued server command: /gamemode C
2023-03-31 13:39:47 [INFO] rv: Set own game mode to CREATIVE mode[m
2023-03-31 13:46:11 [INFO] rv issued server command: /time set day
2023-03-31 13:46:11 [INFO] rv: Set time to 0[m
2023-03-31 13:48:36 [INFO] rv issued server command: /give rv command-block
2023-03-31 13:48:48 [INFO] rv issued server command: /give rv command_block
2023-03-31 13:50:17 [INFO] rv issued server command: /give @p minecraft:command_block
2023-03-31 13:50:42 [INFO] rv issued server command: /give rv minecraft:command_block
2023-03-31 13:50:56 [INFO] rv issued server command: /give rv command_block
2023-03-31 13:51:49 [INFO] [0;31;1mUsage: /give <player> <item> [amount [data]][m
2023-03-31 13:51:59 [INFO] CONSOLE: Gave rv some 137 (COMMAND)[m
2023-03-31 13:54:31 [INFO] rv lost connection: disconnect.quitting
2023-03-31 13:54:31 [INFO] Connection reset
2023-03-31 13:55:31 [INFO] CONSOLE: Forcing save..[m
2023-03-31 13:55:31 [INFO] CONSOLE: Save complete.[m
2023-03-31 13:55:37 [INFO] Unknown command. Type "help" for help.[m
2023-03-31 13:55:40 [INFO] [0;33;1m--------- [0;37;1mHelp: Index [0;33;1m---------------------------[m
2023-03-31 13:55:40 [INFO] [0;37;22mUse /help [n] to get page n of help.[m
2023-03-31 13:55:40 [INFO] [0;33;22mAliases: [0;37;1mLists command aliases[m
2023-03-31 13:55:40 [INFO] [0;33;22mBukkit: [0;37;1mAll commands for Bukkit[m
2023-03-31 13:55:40 [INFO] [0;33;22m/ban: [0;37;1mPrevents the specified player from using this server[m
2023-03-31 13:55:40 [INFO] [0;33;22m/ban-ip: [0;37;1mPrevents the specified IP address from using this server[m
2023-03-31 13:55:40 [INFO] [0;33;22m/banlist: [0;37;1mView all players banned from this server[m
2023-03-31 13:55:40 [INFO] [0;33;22m/clear: [0;37;1mClears the player's inventory. Can specify item and data filters too.[m
2023-03-31 13:55:40 [INFO] [0;33;22m/defaultgamemode: [0;37;1mSet the default gamemode[m
2023-03-31 13:55:40 [INFO] [0;33;22m/deop: [0;37;1mTakes the specified player's operator status[m
2023-03-31 13:55:40 [INFO] [0;33;22m/difficulty: [0;37;1mSets the game difficulty[m
2023-03-31 13:55:40 [INFO] [0;33;22m/effect: [0;37;1mAdds/Removes effects on players[m
2023-03-31 13:55:40 [INFO] [0;33;22m/enchant: [0;37;1mAdds enchantments to the item the player is currently holding. Specify 0 for the level to remove an enchantment. Specify force to ignore normal enchantment restrictions[m
2023-03-31 13:55:40 [INFO] [0;33;22m/gamemode: [0;37;1mChanges the player to a specific game mode[m
2023-03-31 13:55:40 [INFO] [0;33;22m/gamerule: [0;37;1mSets a server's game rules[m
2023-03-31 13:55:40 [INFO] [0;33;22m/give: [0;37;1mGives the specified player a certain amount of items[m
2023-03-31 13:55:40 [INFO] [0;33;22m/help: [0;37;1mShows the help menu[m
2023-03-31 13:55:40 [INFO] [0;33;22m/kick: [0;37;1mRemoves the specified player from the server[m
2023-03-31 13:55:40 [INFO] [0;33;22m/kill: [0;37;1mCommits suicide, only usable as a player[m
2023-03-31 13:55:40 [INFO] [0;33;22m/list: [0;37;1mLists all online players[m
2023-03-31 13:55:40 [INFO] [0;33;22m/me: [0;37;1mPerforms the specified action in chat[m
2023-03-31 13:55:40 [INFO] [0;33;22m/op: [0;37;1mGives the specified player operator status[m
2023-03-31 13:55:40 [INFO] [0;33;22m/pardon: [0;37;1mAllows the specified player to use this server[m
2023-03-31 13:55:40 [INFO] [0;33;22m/pardon-ip: [0;37;1mAllows the specified IP address to use this server[m
2023-03-31 13:55:40 [INFO] [0;33;22m/plugins: [0;37;1mGets a list of plugins running on the server[m
2023-03-31 13:55:40 [INFO] [0;33;22m/reload: [0;37;1mReloads the server configuration and plugins[m
2023-03-31 13:55:40 [INFO] [0;33;22m/save-all: [0;37;1mSaves the server to disk[m
2023-03-31 13:55:40 [INFO] [0;33;22m/save-off: [0;37;1mDisables server autosaving[m
2023-03-31 13:55:40 [INFO] [0;33;22m/save-on: [0;37;1mEnables server autosaving[m
2023-03-31 13:55:40 [INFO] [0;33;22m/say: [0;37;1mBroadcasts the given message as the console[m
2023-03-31 13:55:40 [INFO] [0;33;22m/scoreboard: [0;37;1mScoreboard control[m
2023-03-31 13:55:40 [INFO] [0;33;22m/seed: [0;37;1mShows the world seed[m
2023-03-31 13:55:40 [INFO] [0;33;22m/spawnpoint: [0;37;1mSets a player's spawn point[m
2023-03-31 13:55:40 [INFO] [0;33;22m/stop: [0;37;1mStops the server with optional reason[m
2023-03-31 13:55:40 [INFO] [0;33;22m/tell: [0;37;1mSends a private message to the given player[m
2023-03-31 13:55:40 [INFO] [0;33;22m/testfor: [0;37;1mTests whether a specifed player is online[m
2023-03-31 13:55:40 [INFO] [0;33;22m/time: [0;37;1mChanges the time on each world[m
2023-03-31 13:55:40 [INFO] [0;33;22m/timings: [0;37;1mRecords timings for all plugin events[m
2023-03-31 13:55:40 [INFO] [0;33;22m/toggledownfall: [0;37;1mToggles rain on/off on a given world[m
2023-03-31 13:55:40 [INFO] [0;33;22m/tp: [0;37;1mTeleports the given player (or yourself) to another player or coordinates[m
2023-03-31 13:55:40 [INFO] [0;33;22m/version: [0;37;1mGets the version of this server including any plugins in use[m
2023-03-31 13:55:40 [INFO] [0;33;22m/weather: [0;37;1mChanges the weather[m
2023-03-31 13:55:40 [INFO] [0;33;22m/whitelist: [0;37;1mManages the list of players allowed to use this server[m
2023-03-31 13:55:40 [INFO] [0;33;22m/xp: [0;37;1mGives the specified player a certain amount of experience. Specify <amount>L to give levels instead, with a negative amount resulting in taking levels.[m
2023-03-31 13:55:47 [INFO] CONSOLE: Stopping the server..[m
2023-03-31 13:55:47 [INFO] Stopping server
2023-03-31 13:55:47 [INFO] Saving players
2023-03-31 13:55:47 [INFO] Saving worlds
2023-03-31 13:55:47 [WARNING] DSCT: Socket closed
2023-03-31 13:55:47 [INFO] Saving chunks for level 'world'/Overworld
2023-03-31 13:55:47 [INFO] Closing listening thread
2023-03-31 13:55:47 [INFO] Saving chunks for level 'world_nether'/Nether
2023-03-31 13:55:47 [INFO] Saving chunks for level 'world_the_end'/The End
2023-03-31 13:55:47 [INFO] Stopping server
2023-03-31 13:55:47 [INFO] Saving players
2023-03-31 13:56:21 [INFO] Starting minecraft server version 1.5.2
2023-03-31 13:56:21 [INFO] Loading properties
2023-03-31 13:56:21 [INFO] Default game type: SURVIVAL
2023-03-31 13:56:21 [INFO] Generating keypair
2023-03-31 13:56:22 [INFO] Starting Minecraft server on *:25569
2023-03-31 13:56:22 [INFO] This server is running CraftBukkit version git-Bukkit-1.5.2-R1.0-b2788jnks (MC: 1.5.2) (Implementing API version 1.5.2-R1.0)
2023-03-31 13:56:22 [WARNING] **** SERVER IS RUNNING IN OFFLINE/INSECURE MODE!
2023-03-31 13:56:22 [WARNING] The server will make no attempt to authenticate usernames. Beware.
2023-03-31 13:56:22 [WARNING] While this makes the game possible to play without internet access, it also opens up the ability for hackers to connect with any username they choose.
2023-03-31 13:56:22 [WARNING] To change this, set "online-mode" to "true" in the server.properties file.
2023-03-31 13:56:22 [INFO] Preparing level "world"
2023-03-31 13:56:22 [INFO] Preparing start region for level 0 (Seed: -855162288097023011)
2023-03-31 13:56:22 [SEVERE] Exception in thread "Thread-5" 
2023-03-31 13:56:22 [SEVERE] org.bukkit.craftbukkit.libs.com.google.gson.JsonSyntaxException: java.lang.IllegalStateException: Expected BEGIN_OBJECT but was STRING at line 1 column 7
2023-03-31 13:56:22 [SEVERE] 	at org.bukkit.craftbukkit.libs.com.google.gson.internal.bind.ReflectiveTypeAdapterFactory$Adapter.read(ReflectiveTypeAdapterFactory.java:180)
2023-03-31 13:56:22 [SEVERE] 	at org.bukkit.craftbukkit.libs.com.google.gson.Gson.fromJson(Gson.java:755)
2023-03-31 13:56:22 [SEVERE] 	at org.bukkit.craftbukkit.libs.com.google.gson.Gson.fromJson(Gson.java:694)
2023-03-31 13:56:22 [SEVERE] 	at org.bukkit.craftbukkit.v1_5_R3.updater.BukkitDLUpdaterService.fetchArtifact(BukkitDLUpdaterService.java:51)
2023-03-31 13:56:22 [SEVERE] 	at org.bukkit.craftbukkit.v1_5_R3.updater.BukkitDLUpdaterService.getArtifact(BukkitDLUpdaterService.java:28)
2023-03-31 13:56:22 [SEVERE] 	at org.bukkit.craftbukkit.v1_5_R3.updater.AutoUpdater$1.run(AutoUpdater.java:77)
2023-03-31 13:56:22 [SEVERE] Caused by: java.lang.IllegalStateException: Expected BEGIN_OBJECT but was STRING at line 1 column 7
2023-03-31 13:56:22 [SEVERE] 	at org.bukkit.craftbukkit.libs.com.google.gson.stream.JsonReader.expect(JsonReader.java:339)
2023-03-31 13:56:22 [SEVERE] 	at org.bukkit.craftbukkit.libs.com.google.gson.stream.JsonReader.beginObject(JsonReader.java:322)
2023-03-31 13:56:22 [SEVERE] 	at org.bukkit.craftbukkit.libs.com.google.gson.internal.bind.ReflectiveTypeAdapterFactory$Adapter.read(ReflectiveTypeAdapterFactory.java:168)
2023-03-31 13:56:22 [SEVERE] 	... 5 more
2023-03-31 13:56:23 [INFO] Preparing start region for level 1 (Seed: -855162288097023011)
2023-03-31 13:56:23 [INFO] Preparing spawn area: 8%
2023-03-31 13:56:23 [INFO] Preparing start region for level 2 (Seed: -855162288097023011)
2023-03-31 13:56:24 [INFO] Server permissions file permissions.yml is empty, ignoring it
2023-03-31 13:56:24 [INFO] Done (1.469s)! For help, type "help" or "?"
2023-03-31 13:56:31 [INFO] rv[/127.0.0.1:35779] logged in with entity id 372 at ([world] -145.5991365143916, 165.0, 221.2902594173319)
2023-03-31 13:59:34 [INFO] @: Teleported rv to -145.50, 166.50, 221.50[m
2023-03-31 14:00:48 [INFO] rv issued server command: /time set day
2023-03-31 14:00:48 [INFO] rv: Set time to 0[m
2023-03-31 14:01:40 [INFO] rv lost connection: disconnect.quitting
2023-03-31 14:01:40 [INFO] Connection reset
2023-03-31 14:02:04 [INFO] rv[/127.0.0.1:50703] logged in with entity id 30516 at ([world] -143.4898461823692, 159.31378957031944, 216.82350943205222)
2023-03-31 14:09:26 [INFO] CONSOLE: Forcing save..[m
2023-03-31 14:09:26 [INFO] CONSOLE: Save complete.[m
2023-03-31 14:09:32 [INFO] CONSOLE: Stopping the server..[m
2023-03-31 14:09:32 [INFO] Stopping server
2023-03-31 14:09:32 [INFO] Saving players
2023-03-31 14:09:32 [WARNING] DSCT: Socket closed
2023-03-31 14:09:32 [INFO] Closing listening thread
2023-03-31 14:09:32 [INFO] Saving worlds
2023-03-31 14:09:32 [INFO] Saving chunks for level 'world'/Overworld
2023-03-31 14:09:32 [INFO] Saving chunks for level 'world_nether'/Nether
2023-03-31 14:09:32 [INFO] Saving chunks for level 'world_the_end'/The End
2023-03-31 14:09:32 [INFO] Stopping server
2023-03-31 14:15:00 [INFO] Starting minecraft server version 1.5.2
2023-03-31 14:15:00 [INFO] Loading properties
2023-03-31 14:15:00 [INFO] Default game type: SURVIVAL
2023-03-31 14:15:00 [INFO] Generating keypair
2023-03-31 14:15:01 [INFO] Starting Minecraft server on *:25569
2023-03-31 14:15:01 [INFO] This server is running CraftBukkit version git-Bukkit-1.5.2-R1.0-b2788jnks (MC: 1.5.2) (Implementing API version 1.5.2-R1.0)
2023-03-31 14:15:02 [WARNING] **** SERVER IS RUNNING IN OFFLINE/INSECURE MODE!
2023-03-31 14:15:02 [WARNING] The server will make no attempt to authenticate usernames. Beware.
2023-03-31 14:15:02 [WARNING] While this makes the game possible to play without internet access, it also opens up the ability for hackers to connect with any username they choose.
2023-03-31 14:15:02 [WARNING] To change this, set "online-mode" to "true" in the server.properties file.
2023-03-31 14:15:02 [INFO] Preparing level "world"
2023-03-31 14:15:02 [INFO] Preparing start region for level 0 (Seed: -855162288097023011)
2023-03-31 14:15:02 [SEVERE] Exception in thread "Thread-5" 
2023-03-31 14:15:02 [SEVERE] org.bukkit.craftbukkit.libs.com.google.gson.JsonSyntaxException: java.lang.IllegalStateException: Expected BEGIN_OBJECT but was STRING at line 1 column 7
2023-03-31 14:15:02 [SEVERE] 	at org.bukkit.craftbukkit.libs.com.google.gson.internal.bind.ReflectiveTypeAdapterFactory$Adapter.read(ReflectiveTypeAdapterFactory.java:180)
2023-03-31 14:15:02 [SEVERE] 	at org.bukkit.craftbukkit.libs.com.google.gson.Gson.fromJson(Gson.java:755)
2023-03-31 14:15:02 [SEVERE] 	at org.bukkit.craftbukkit.libs.com.google.gson.Gson.fromJson(Gson.java:694)
2023-03-31 14:15:02 [SEVERE] 	at org.bukkit.craftbukkit.v1_5_R3.updater.BukkitDLUpdaterService.fetchArtifact(BukkitDLUpdaterService.java:51)
2023-03-31 14:15:02 [SEVERE] 	at org.bukkit.craftbukkit.v1_5_R3.updater.BukkitDLUpdaterService.getArtifact(BukkitDLUpdaterService.java:28)
2023-03-31 14:15:02 [SEVERE] 	at org.bukkit.craftbukkit.v1_5_R3.updater.AutoUpdater$1.run(AutoUpdater.java:77)
2023-03-31 14:15:02 [SEVERE] Caused by: java.lang.IllegalStateException: Expected BEGIN_OBJECT but was STRING at line 1 column 7
2023-03-31 14:15:02 [SEVERE] 	at org.bukkit.craftbukkit.libs.com.google.gson.stream.JsonReader.expect(JsonReader.java:339)
2023-03-31 14:15:02 [SEVERE] 	at org.bukkit.craftbukkit.libs.com.google.gson.stream.JsonReader.beginObject(JsonReader.java:322)
2023-03-31 14:15:02 [SEVERE] 	at org.bukkit.craftbukkit.libs.com.google.gson.internal.bind.ReflectiveTypeAdapterFactory$Adapter.read(ReflectiveTypeAdapterFactory.java:168)
2023-03-31 14:15:02 [SEVERE] 	... 5 more
2023-03-31 14:15:03 [INFO] Preparing start region for level 1 (Seed: -855162288097023011)
2023-03-31 14:15:03 [INFO] Preparing spawn area: 49%
2023-03-31 14:15:03 [INFO] Server permissions file permissions.yml is empty, ignoring it
2023-03-31 14:15:03 [INFO] Done (1.244s)! For help, type "help" or "?"
2023-03-31 14:15:11 [INFO] rv[/127.0.0.1:37445] logged in with entity id 375 at ([world] -146.15267274387523, 164.0, 215.520152273832)
2023-03-31 14:20:12 [INFO] rv issued server command: /spawnpoint
2023-03-31 14:20:12 [INFO] rv: Set rv's spawnpoint to -145.5755143056651, 160.0, 216.3380323097669[m
2023-03-31 14:20:53 [INFO] @: Teleported rv to -145.50, 166.50, 221.50[m
2023-03-31 14:21:49 [INFO] @: Teleported rv to -145.50, 166.50, 221.50[m
2023-03-31 14:25:35 [INFO] @: Teleported rv to -145.50, 166.50, 221.50[m
2023-03-31 14:27:11 [INFO] @: Teleported rv to -145.50, 166.50, 221.50[m
2023-03-31 14:37:41 [INFO] @: Gave rv some 276 (DIAMOND_SWORD)[m
2023-03-31 14:39:08 [INFO] @: Gave rv some 311 (DIAMOND_CHESTPLATE)[m
2023-03-31 14:39:08 [INFO] @: Gave rv some 276 (DIAMOND_SWORD)[m
2023-03-31 14:42:52 [INFO] @: Gave rv some 276 (DIAMOND_SWORD)[m
2023-03-31 14:42:52 [INFO] @: Gave rv some 311 (DIAMOND_CHESTPLATE)[m
2023-03-31 14:43:25 [INFO] @: Gave rv some 276 (DIAMOND_SWORD)[m
2023-03-31 14:43:25 [INFO] @: Gave rv some 311 (DIAMOND_CHESTPLATE)[m
2023-03-31 14:43:30 [INFO] @: Gave rv some 276 (DIAMOND_SWORD)[m
2023-03-31 14:43:30 [INFO] @: Gave rv some 311 (DIAMOND_CHESTPLATE)[m
2023-03-31 14:43:53 [INFO] @: Gave rv some 276 (DIAMOND_SWORD)[m
2023-03-31 14:43:53 [INFO] @: Gave rv some 311 (DIAMOND_CHESTPLATE)[m
2023-03-31 14:44:21 [INFO] @: Gave rv some 276 (DIAMOND_SWORD)[m
2023-03-31 14:44:21 [INFO] @: Gave rv some 311 (DIAMOND_CHESTPLATE)[m
2023-03-31 14:44:38 [INFO] @: Gave rv some 261 (BOW)[m
2023-03-31 14:44:38 [INFO] @: Gave rv some 311 (DIAMOND_CHESTPLATE)[m
2023-03-31 14:46:52 [INFO] @: Gave rv some 276 (DIAMOND_SWORD)[m
2023-03-31 14:46:52 [INFO] @: Gave rv some 311 (DIAMOND_CHESTPLATE)[m
2023-03-31 14:49:20 [INFO] @: Gave rv some 276 (DIAMOND_SWORD)[m
2023-03-31 14:49:20 [INFO] @: Gave rv some 311 (DIAMOND_CHESTPLATE)[m
2023-03-31 14:49:29 [INFO] @: Gave rv some 261 (BOW)[m
2023-03-31 14:49:29 [INFO] @: Gave rv some 311 (DIAMOND_CHESTPLATE)[m
2023-03-31 14:51:45 [INFO] @: Gave rv some 276 (DIAMOND_SWORD)[m
2023-03-31 14:51:45 [INFO] @: Gave rv some 311 (DIAMOND_CHESTPLATE)[m
2023-03-31 14:52:05 [INFO] @: Gave rv some 261 (BOW)[m
2023-03-31 14:52:05 [INFO] @: Gave rv some 311 (DIAMOND_CHESTPLATE)[m
2023-03-31 14:52:11 [INFO] @: Gave rv some 327 (LAVA_BUCKET)[m
2023-03-31 14:52:11 [INFO] @: Gave rv some 262 (ARROW)[m
2023-03-31 14:53:04 [INFO] rv issued server command: /give rv command
2023-03-31 14:53:04 [INFO] rv: Gave rv some 137 (COMMAND)[m
2023-03-31 14:57:47 [INFO] CONSOLE: Forcing save..[m
2023-03-31 14:57:47 [INFO] CONSOLE: Save complete.[m
2023-03-31 14:57:53 [INFO] CONSOLE: Stopping the server..[m
2023-03-31 14:57:53 [INFO] Stopping server
2023-03-31 14:57:53 [INFO] Saving players
2023-03-31 14:57:53 [WARNING] DSCT: Socket closed
2023-03-31 14:57:53 [INFO] Closing listening thread
2023-03-31 14:57:53 [INFO] Saving worlds
2023-03-31 14:57:53 [INFO] Saving chunks for level 'world'/Overworld
2023-03-31 14:57:53 [INFO] Saving chunks for level 'world_the_end'/The End
2023-03-31 14:57:53 [INFO] Stopping server
2023-03-31 17:03:09 [INFO] Starting minecraft server version 1.5.2
2023-03-31 17:03:09 [INFO] Loading properties
2023-03-31 17:03:09 [INFO] Default game type: SURVIVAL
2023-03-31 17:03:09 [INFO] Generating keypair
2023-03-31 17:03:09 [INFO] Starting Minecraft server on *:25569
2023-03-31 17:03:10 [INFO] This server is running CraftBukkit version git-Bukkit-1.5.2-R1.0-b2788jnks (MC: 1.5.2) (Implementing API version 1.5.2-R1.0)
2023-03-31 17:03:10 [WARNING] **** SERVER IS RUNNING IN OFFLINE/INSECURE MODE!
2023-03-31 17:03:10 [WARNING] The server will make no attempt to authenticate usernames. Beware.
2023-03-31 17:03:10 [WARNING] While this makes the game possible to play without internet access, it also opens up the ability for hackers to connect with any username they choose.
2023-03-31 17:03:10 [WARNING] To change this, set "online-mode" to "true" in the server.properties file.
2023-03-31 17:03:10 [INFO] Preparing level "world"
2023-03-31 17:03:10 [INFO] Preparing start region for level 0 (Seed: -855162288097023011)
2023-03-31 17:03:10 [SEVERE] Exception in thread "Thread-5" 
2023-03-31 17:03:10 [SEVERE] org.bukkit.craftbukkit.libs.com.google.gson.JsonSyntaxException: java.lang.IllegalStateException: Expected BEGIN_OBJECT but was STRING at line 1 column 7
2023-03-31 17:03:10 [SEVERE] 	at org.bukkit.craftbukkit.libs.com.google.gson.internal.bind.ReflectiveTypeAdapterFactory$Adapter.read(ReflectiveTypeAdapterFactory.java:180)
2023-03-31 17:03:10 [SEVERE] 	at org.bukkit.craftbukkit.libs.com.google.gson.Gson.fromJson(Gson.java:755)
2023-03-31 17:03:10 [SEVERE] 	at org.bukkit.craftbukkit.libs.com.google.gson.Gson.fromJson(Gson.java:694)
2023-03-31 17:03:10 [SEVERE] 	at org.bukkit.craftbukkit.v1_5_R3.updater.BukkitDLUpdaterService.fetchArtifact(BukkitDLUpdaterService.java:51)
2023-03-31 17:03:10 [SEVERE] 	at org.bukkit.craftbukkit.v1_5_R3.updater.BukkitDLUpdaterService.getArtifact(BukkitDLUpdaterService.java:28)
2023-03-31 17:03:10 [SEVERE] 	at org.bukkit.craftbukkit.v1_5_R3.updater.AutoUpdater$1.run(AutoUpdater.java:77)
2023-03-31 17:03:10 [SEVERE] Caused by: java.lang.IllegalStateException: Expected BEGIN_OBJECT but was STRING at line 1 column 7
2023-03-31 17:03:10 [SEVERE] 	at org.bukkit.craftbukkit.libs.com.google.gson.stream.JsonReader.expect(JsonReader.java:339)
2023-03-31 17:03:10 [SEVERE] 	at org.bukkit.craftbukkit.libs.com.google.gson.stream.JsonReader.beginObject(JsonReader.java:322)
2023-03-31 17:03:10 [SEVERE] 	at org.bukkit.craftbukkit.libs.com.google.gson.internal.bind.ReflectiveTypeAdapterFactory$Adapter.read(ReflectiveTypeAdapterFactory.java:168)
2023-03-31 17:03:10 [SEVERE] 	... 5 more
2023-03-31 17:03:11 [INFO] Preparing spawn area: 91%
2023-03-31 17:03:11 [INFO] Preparing start region for level 1 (Seed: -855162288097023011)
2023-03-31 17:03:11 [INFO] Server permissions file permissions.yml is empty, ignoring it
2023-03-31 17:03:11 [INFO] Done (1.479s)! For help, type "help" or "?"
2023-03-31 17:04:15 [INFO] rv[/127.0.0.1:38219] logged in with entity id 296 at ([world] -143.38145814140384, 166.0, 228.5128759757635)
2023-03-31 17:04:32 [INFO] rv issued server command: /set time day
2023-03-31 17:04:38 [INFO] rv issued server command: /time set day
2023-03-31 17:04:38 [INFO] rv: Set time to 0[m
2023-03-31 17:06:07 [INFO] rv lost connection: disconnect.quitting
2023-03-31 17:06:07 [INFO] Connection reset
2023-03-31 17:14:16 [INFO] rv[/127.0.0.1:50853] logged in with entity id 409 at ([world] -143.12546689460567, 166.0, 226.6123541497345)
2023-03-31 17:20:15 [INFO] @: Gave rv some 276 (DIAMOND_SWORD)[m
2023-03-31 17:20:16 [INFO] @: Gave rv some 311 (DIAMOND_CHESTPLATE)[m
2023-03-31 17:20:16 [INFO] @: Gave rv some 261 (BOW)[m
2023-03-31 17:20:16 [INFO] @: Gave rv some 262 (ARROW)[m
2023-03-31 17:20:52 [INFO] @: Gave rv some 276 (DIAMOND_SWORD)[m
2023-03-31 17:20:52 [INFO] @: Gave rv some 311 (DIAMOND_CHESTPLATE)[m
2023-03-31 17:20:52 [INFO] @: Gave rv some 261 (BOW)[m
2023-03-31 17:20:52 [INFO] @: Gave rv some 262 (ARROW)[m
2023-03-31 17:21:54 [INFO] rv issued server command: /give @p command
2023-03-31 17:22:08 [INFO] rv issued server command: /give rv commnd
2023-03-31 17:22:22 [INFO] rv issued server command: /give @a command
2023-03-31 17:22:41 [INFO] CONSOLE: Gave rv some 137 (COMMAND)[m
2023-03-31 17:25:06 [INFO] @: Gave rv some 276 (DIAMOND_SWORD)[m
2023-03-31 17:25:06 [INFO] @: Gave rv some 311 (DIAMOND_CHESTPLATE)[m
2023-03-31 17:25:06 [INFO] @: Gave rv some 261 (BOW)[m
2023-03-31 17:25:06 [INFO] @: Gave rv some 262 (ARROW)[m
2023-03-31 17:25:07 [INFO] @: Gave rv some 310 (DIAMOND_HELMET)[m
2023-03-31 17:25:07 [INFO] @: Gave rv some 313 (DIAMOND_BOOTS)[m
2023-03-31 17:25:07 [INFO] @: Gave rv some 312 (DIAMOND_LEGGINGS)[m
2023-03-31 17:25:07 [INFO] @: Gave rv some 262 (ARROW)[m
2023-03-31 17:25:07 [INFO] @: Gave rv some 262 (ARROW)[m
2023-03-31 17:28:57 [INFO] There's no item called barrier[m
2023-03-31 17:29:48 [INFO] rv lost connection: disconnect.quitting
2023-03-31 17:29:48 [INFO] Connection reset
2023-03-31 17:30:00 [INFO] Can't find player rv[m
2023-03-31 17:30:10 [INFO] rv[/127.0.0.1:51377] logged in with entity id 600 at ([world] -144.61569461696976, 165.0, 219.786287874402)
2023-03-31 17:30:25 [INFO] There's no item called minecraft:barrier[m
2023-03-31 17:31:33 [INFO] CONSOLE: Forcing save..[m
2023-03-31 17:31:33 [INFO] CONSOLE: Save complete.[m
2023-03-31 17:31:36 [INFO] Unknown command. Type "help" for help.[m
2023-03-31 17:31:38 [INFO] CONSOLE: Stopping the server..[m
2023-03-31 17:31:38 [INFO] Stopping server
2023-03-31 17:31:38 [INFO] Saving players
2023-03-31 17:31:38 [WARNING] DSCT: Socket closed
2023-03-31 17:31:38 [INFO] Closing listening thread
2023-03-31 17:31:38 [INFO] Saving worlds
2023-03-31 17:31:38 [INFO] Saving chunks for level 'world'/Overworld
2023-03-31 17:31:38 [INFO] Saving chunks for level 'world_the_end'/The End
2023-03-31 17:31:38 [INFO] Stopping server
2023-03-31 17:38:51 [INFO] Starting minecraft server version 1.5.2
2023-03-31 17:38:51 [INFO] Loading properties
2023-03-31 17:38:51 [INFO] Default game type: SURVIVAL
2023-03-31 17:38:51 [INFO] Generating keypair
2023-03-31 17:38:51 [INFO] Starting Minecraft server on *:25569
2023-03-31 17:38:52 [INFO] This server is running CraftBukkit version git-Bukkit-1.5.2-R1.0-b2788jnks (MC: 1.5.2) (Implementing API version 1.5.2-R1.0)
2023-03-31 17:38:52 [WARNING] **** SERVER IS RUNNING IN OFFLINE/INSECURE MODE!
2023-03-31 17:38:52 [WARNING] The server will make no attempt to authenticate usernames. Beware.
2023-03-31 17:38:52 [WARNING] While this makes the game possible to play without internet access, it also opens up the ability for hackers to connect with any username they choose.
2023-03-31 17:38:52 [WARNING] To change this, set "online-mode" to "true" in the server.properties file.
2023-03-31 17:38:52 [INFO] Preparing level "world"
2023-03-31 17:38:52 [INFO] Preparing start region for level 0 (Seed: -855162288097023011)
2023-03-31 17:38:52 [SEVERE] Exception in thread "Thread-5" 
2023-03-31 17:38:52 [SEVERE] org.bukkit.craftbukkit.libs.com.google.gson.JsonSyntaxException: java.lang.IllegalStateException: Expected BEGIN_OBJECT but was STRING at line 1 column 7
2023-03-31 17:38:52 [SEVERE] 	at org.bukkit.craftbukkit.libs.com.google.gson.internal.bind.ReflectiveTypeAdapterFactory$Adapter.read(ReflectiveTypeAdapterFactory.java:180)
2023-03-31 17:38:52 [SEVERE] 	at org.bukkit.craftbukkit.libs.com.google.gson.Gson.fromJson(Gson.java:755)
2023-03-31 17:38:52 [SEVERE] 	at org.bukkit.craftbukkit.libs.com.google.gson.Gson.fromJson(Gson.java:694)
2023-03-31 17:38:52 [SEVERE] 	at org.bukkit.craftbukkit.v1_5_R3.updater.BukkitDLUpdaterService.fetchArtifact(BukkitDLUpdaterService.java:51)
2023-03-31 17:38:52 [SEVERE] 	at org.bukkit.craftbukkit.v1_5_R3.updater.BukkitDLUpdaterService.getArtifact(BukkitDLUpdaterService.java:28)
2023-03-31 17:38:52 [SEVERE] 	at org.bukkit.craftbukkit.v1_5_R3.updater.AutoUpdater$1.run(AutoUpdater.java:77)
2023-03-31 17:38:52 [SEVERE] Caused by: java.lang.IllegalStateException: Expected BEGIN_OBJECT but was STRING at line 1 column 7
2023-03-31 17:38:52 [SEVERE] 	at org.bukkit.craftbukkit.libs.com.google.gson.stream.JsonReader.expect(JsonReader.java:339)
2023-03-31 17:38:52 [SEVERE] 	at org.bukkit.craftbukkit.libs.com.google.gson.stream.JsonReader.beginObject(JsonReader.java:322)
2023-03-31 17:38:52 [SEVERE] 	at org.bukkit.craftbukkit.libs.com.google.gson.internal.bind.ReflectiveTypeAdapterFactory$Adapter.read(ReflectiveTypeAdapterFactory.java:168)
2023-03-31 17:38:52 [SEVERE] 	... 5 more
2023-03-31 17:38:53 [INFO] Preparing start region for level 1 (Seed: -855162288097023011)
2023-03-31 17:38:53 [INFO] Server permissions file permissions.yml is empty, ignoring it
2023-03-31 17:38:53 [INFO] Done (1.175s)! For help, type "help" or "?"
2023-03-31 17:38:59 [INFO] rv[/127.0.0.1:33045] logged in with entity id 291 at ([world] -144.03966397112328, 164.0, 216.95278779340552)
2023-03-31 17:42:10 [INFO] Connection reset
2023-03-31 17:42:10 [INFO] rv lost connection: disconnect.quitting
2023-03-31 17:42:32 [INFO] rv[/127.0.0.1:60197] logged in with entity id 323 at ([world] -148.31055286678185, 165.0, 220.16962801552793)
2023-03-31 17:45:23 [INFO] rv lost connection: disconnect.quitting
2023-03-31 17:45:23 [INFO] Connection reset
2023-03-31 17:47:00 [INFO] dhawan[/127.0.0.1:40221] logged in with entity id 449 at ([world] -205.5, 68.0, 250.5)
2023-03-31 17:48:03 [INFO] dhawan issued server command: /gamemode C
2023-03-31 17:48:45 [INFO] Can't find player c[m
2023-03-31 17:48:54 [INFO] CONSOLE: Set dhawan's game mode to CREATIVE mode[m
2023-03-31 17:49:14 [INFO] rv[/127.0.0.1:55299] logged in with entity id 599 at ([world] -146.64601974081285, 165.0, 223.03895525808636)
2023-03-31 17:49:34 [INFO] dhawan issued server command: /tp rv
2023-03-31 17:49:46 [INFO] CONSOLE: Opped dhawan[m
2023-03-31 17:49:58 [INFO] dhawan issued server command: /tp rv
2023-03-31 17:49:58 [INFO] dhawan: Teleported dhawan to rv[m
2023-03-31 17:51:02 [INFO] @: Gave dhawan some 276 (DIAMOND_SWORD)[m
2023-03-31 17:51:02 [INFO] @: Gave rv some 276 (DIAMOND_SWORD)[m
2023-03-31 17:51:02 [INFO] @: Gave dhawan some 311 (DIAMOND_CHESTPLATE)[m
2023-03-31 17:51:02 [INFO] @: Gave rv some 311 (DIAMOND_CHESTPLATE)[m
2023-03-31 17:51:02 [INFO] @: Gave dhawan some 261 (BOW)[m
2023-03-31 17:51:02 [INFO] @: Gave rv some 261 (BOW)[m
2023-03-31 17:51:02 [INFO] @: Gave dhawan some 262 (ARROW)[m
2023-03-31 17:51:02 [INFO] @: Gave rv some 262 (ARROW)[m
2023-03-31 17:51:03 [INFO] @: Gave dhawan some 310 (DIAMOND_HELMET)[m
2023-03-31 17:51:03 [INFO] @: Gave rv some 310 (DIAMOND_HELMET)[m
2023-03-31 17:51:03 [INFO] @: Gave dhawan some 313 (DIAMOND_BOOTS)[m
2023-03-31 17:51:03 [INFO] @: Gave rv some 313 (DIAMOND_BOOTS)[m
2023-03-31 17:51:03 [INFO] @: Gave dhawan some 312 (DIAMOND_LEGGINGS)[m
2023-03-31 17:51:03 [INFO] @: Gave rv some 312 (DIAMOND_LEGGINGS)[m
2023-03-31 17:51:03 [INFO] @: Gave dhawan some 262 (ARROW)[m
2023-03-31 17:51:03 [INFO] @: Gave rv some 262 (ARROW)[m
2023-03-31 17:51:03 [INFO] @: Gave dhawan some 262 (ARROW)[m
2023-03-31 17:51:03 [INFO] @: Gave rv some 262 (ARROW)[m
2023-03-31 17:52:37 [INFO] dhawan issued server command: /tp rv
2023-03-31 17:52:37 [INFO] dhawan: Teleported dhawan to rv[m
2023-03-31 17:55:41 [INFO] rv issued server command: /spawnpoint
2023-03-31 17:55:41 [INFO] rv: Set rv's spawnpoint to -145.2964096927826, 160.0, 216.97483796685881[m
2023-03-31 17:56:47 [INFO] rv issued server command: /setworldspawn
2023-03-31 17:56:54 [INFO] rv issued server command: /help
2023-03-31 17:57:07 [INFO] [0;33;1m--------- [0;37;1mHelp: Index [0;33;1m---------------------------[m
2023-03-31 17:57:07 [INFO] [0;37;22mUse /help [n] to get page n of help.[m
2023-03-31 17:57:07 [INFO] [0;33;22mAliases: [0;37;1mLists command aliases[m
2023-03-31 17:57:07 [INFO] [0;33;22mBukkit: [0;37;1mAll commands for Bukkit[m
2023-03-31 17:57:07 [INFO] [0;33;22m/ban: [0;37;1mPrevents the specified player from using this server[m
2023-03-31 17:57:07 [INFO] [0;33;22m/ban-ip: [0;37;1mPrevents the specified IP address from using this server[m
2023-03-31 17:57:07 [INFO] [0;33;22m/banlist: [0;37;1mView all players banned from this server[m
2023-03-31 17:57:07 [INFO] [0;33;22m/clear: [0;37;1mClears the player's inventory. Can specify item and data filters too.[m
2023-03-31 17:57:07 [INFO] [0;33;22m/defaultgamemode: [0;37;1mSet the default gamemode[m
2023-03-31 17:57:07 [INFO] [0;33;22m/deop: [0;37;1mTakes the specified player's operator status[m
2023-03-31 17:57:07 [INFO] [0;33;22m/difficulty: [0;37;1mSets the game difficulty[m
2023-03-31 17:57:07 [INFO] [0;33;22m/effect: [0;37;1mAdds/Removes effects on players[m
2023-03-31 17:57:07 [INFO] [0;33;22m/enchant: [0;37;1mAdds enchantments to the item the player is currently holding. Specify 0 for the level to remove an enchantment. Specify force to ignore normal enchantment restrictions[m
2023-03-31 17:57:07 [INFO] [0;33;22m/gamemode: [0;37;1mChanges the player to a specific game mode[m
2023-03-31 17:57:07 [INFO] [0;33;22m/gamerule: [0;37;1mSets a server's game rules[m
2023-03-31 17:57:07 [INFO] [0;33;22m/give: [0;37;1mGives the specified player a certain amount of items[m
2023-03-31 17:57:07 [INFO] [0;33;22m/help: [0;37;1mShows the help menu[m
2023-03-31 17:57:07 [INFO] [0;33;22m/kick: [0;37;1mRemoves the specified player from the server[m
2023-03-31 17:57:07 [INFO] [0;33;22m/kill: [0;37;1mCommits suicide, only usable as a player[m
2023-03-31 17:57:07 [INFO] [0;33;22m/list: [0;37;1mLists all online players[m
2023-03-31 17:57:07 [INFO] [0;33;22m/me: [0;37;1mPerforms the specified action in chat[m
2023-03-31 17:57:07 [INFO] [0;33;22m/op: [0;37;1mGives the specified player operator status[m
2023-03-31 17:57:07 [INFO] [0;33;22m/pardon: [0;37;1mAllows the specified player to use this server[m
2023-03-31 17:57:07 [INFO] [0;33;22m/pardon-ip: [0;37;1mAllows the specified IP address to use this server[m
2023-03-31 17:57:07 [INFO] [0;33;22m/plugins: [0;37;1mGets a list of plugins running on the server[m
2023-03-31 17:57:07 [INFO] [0;33;22m/reload: [0;37;1mReloads the server configuration and plugins[m
2023-03-31 17:57:07 [INFO] [0;33;22m/save-all: [0;37;1mSaves the server to disk[m
2023-03-31 17:57:07 [INFO] [0;33;22m/save-off: [0;37;1mDisables server autosaving[m
2023-03-31 17:57:07 [INFO] [0;33;22m/save-on: [0;37;1mEnables server autosaving[m
2023-03-31 17:57:07 [INFO] [0;33;22m/say: [0;37;1mBroadcasts the given message as the console[m
2023-03-31 17:57:07 [INFO] [0;33;22m/scoreboard: [0;37;1mScoreboard control[m
2023-03-31 17:57:07 [INFO] [0;33;22m/seed: [0;37;1mShows the world seed[m
2023-03-31 17:57:07 [INFO] [0;33;22m/spawnpoint: [0;37;1mSets a player's spawn point[m
2023-03-31 17:57:07 [INFO] [0;33;22m/stop: [0;37;1mStops the server with optional reason[m
2023-03-31 17:57:07 [INFO] [0;33;22m/tell: [0;37;1mSends a private message to the given player[m
2023-03-31 17:57:07 [INFO] [0;33;22m/testfor: [0;37;1mTests whether a specifed player is online[m
2023-03-31 17:57:07 [INFO] [0;33;22m/time: [0;37;1mChanges the time on each world[m
2023-03-31 17:57:07 [INFO] [0;33;22m/timings: [0;37;1mRecords timings for all plugin events[m
2023-03-31 17:57:07 [INFO] [0;33;22m/toggledownfall: [0;37;1mToggles rain on/off on a given world[m
2023-03-31 17:57:07 [INFO] [0;33;22m/tp: [0;37;1mTeleports the given player (or yourself) to another player or coordinates[m
2023-03-31 17:57:07 [INFO] [0;33;22m/version: [0;37;1mGets the version of this server including any plugins in use[m
2023-03-31 17:57:07 [INFO] [0;33;22m/weather: [0;37;1mChanges the weather[m
2023-03-31 17:57:07 [INFO] [0;33;22m/whitelist: [0;37;1mManages the list of players allowed to use this server[m
2023-03-31 17:57:07 [INFO] [0;33;22m/xp: [0;37;1mGives the specified player a certain amount of experience. Specify <amount>L to give levels instead, with a negative amount resulting in taking levels.[m
2023-03-31 17:57:26 [INFO] dhawan issued server command: /tp rv
2023-03-31 17:57:26 [INFO] dhawan: Teleported dhawan to rv[m
2023-03-31 17:58:16 [INFO] rv issued server command: /kill
2023-03-31 17:58:16 [INFO] rv died
2023-03-31 17:59:13 [INFO] dhawan issued server command: /tp rv
2023-03-31 17:59:13 [INFO] dhawan: Teleported dhawan to rv[m
2023-03-31 17:59:25 [INFO] dhawan issued server command: /kill
2023-03-31 17:59:25 [INFO] dhawan died
2023-03-31 17:59:37 [INFO] rv issued server command: /tp
2023-03-31 17:59:44 [INFO] rv issued server command: /tp dhawan
2023-03-31 17:59:44 [INFO] rv: Teleported rv to dhawan[m
2023-03-31 18:02:17 [INFO] dhawan issued server command: /kill
2023-03-31 18:02:17 [INFO] dhawan died
2023-03-31 18:02:29 [INFO] rv issued server command: /tp dhawan
2023-03-31 18:02:29 [INFO] rv: Teleported rv to dhawan[m
2023-03-31 18:04:25 [INFO] CONSOLE: Gave rv some 137 (COMMAND)[m
2023-03-31 18:05:24 [INFO] dhawan issued server command: /tp rv
2023-03-31 18:05:24 [INFO] dhawan: Teleported dhawan to rv[m
2023-03-31 18:05:43 [INFO] @: Teleported rv to -145.50, 161.50, 215.50[m
2023-03-31 18:05:52 [INFO] @: Teleported dhawan to -145.50, 161.50, 215.50[m
2023-03-31 18:06:12 [INFO] dhawan issued server command: /kill
2023-03-31 18:06:12 [INFO] dhawan died
2023-03-31 18:06:15 [INFO] @: Teleported dhawan to -145.50, 161.50, 215.50[m
2023-03-31 18:06:29 [INFO] rv issued server command: /time set day
2023-03-31 18:06:29 [INFO] rv: Set time to 0[m
2023-03-31 18:06:50 [INFO] @: Teleported dhawan to -145.50, 166.50, 221.50[m
2023-03-31 18:06:50 [INFO] @: Teleported rv to -145.50, 166.50, 221.50[m
2023-03-31 18:06:55 [INFO] @: Gave dhawan some 276 (DIAMOND_SWORD)[m
2023-03-31 18:06:55 [INFO] @: Gave rv some 276 (DIAMOND_SWORD)[m
2023-03-31 18:06:56 [INFO] @: Gave dhawan some 311 (DIAMOND_CHESTPLATE)[m
2023-03-31 18:06:56 [INFO] @: Gave rv some 311 (DIAMOND_CHESTPLATE)[m
2023-03-31 18:06:56 [INFO] @: Gave dhawan some 261 (BOW)[m
2023-03-31 18:06:56 [INFO] @: Gave rv some 261 (BOW)[m
2023-03-31 18:06:56 [INFO] @: Gave dhawan some 262 (ARROW)[m
2023-03-31 18:06:56 [INFO] @: Gave rv some 262 (ARROW)[m
2023-03-31 18:06:56 [INFO] @: Gave dhawan some 310 (DIAMOND_HELMET)[m
2023-03-31 18:06:56 [INFO] @: Gave rv some 310 (DIAMOND_HELMET)[m
2023-03-31 18:06:56 [INFO] @: Gave dhawan some 313 (DIAMOND_BOOTS)[m
2023-03-31 18:06:56 [INFO] @: Gave rv some 313 (DIAMOND_BOOTS)[m
2023-03-31 18:06:56 [INFO] @: Gave dhawan some 312 (DIAMOND_LEGGINGS)[m
2023-03-31 18:06:56 [INFO] @: Gave rv some 312 (DIAMOND_LEGGINGS)[m
2023-03-31 18:06:56 [INFO] @: Gave dhawan some 262 (ARROW)[m
2023-03-31 18:06:56 [INFO] @: Gave rv some 262 (ARROW)[m
2023-03-31 18:06:57 [INFO] @: Gave dhawan some 262 (ARROW)[m
2023-03-31 18:06:57 [INFO] @: Gave rv some 262 (ARROW)[m
2023-03-31 18:09:18 [INFO] <dhawan> tp rv[m
2023-03-31 18:09:30 [INFO] dhawan issued server command: /tp rv
2023-03-31 18:09:30 [INFO] dhawan: Teleported dhawan to rv[m
2023-03-31 18:10:14 [INFO] @: Teleported dhawan to -145.50, 166.50, 221.50[m
2023-03-31 18:10:14 [INFO] @: Teleported rv to -145.50, 166.50, 221.50[m
2023-03-31 18:10:36 [INFO] @: Teleported dhawan to -145.50, 166.50, 221.50[m
2023-03-31 18:15:27 [INFO] @: Teleported dhawan to -145.50, 166.50, 221.50[m
2023-03-31 18:16:17 [INFO] @: Teleported rv to -145.50, 166.50, 221.50[m
2023-03-31 18:16:51 [INFO] @: Teleported dhawan to -145.50, 166.50, 221.50[m
2023-03-31 18:16:53 [INFO] @: Teleported dhawan to -145.50, 166.50, 221.50[m
2023-03-31 18:16:56 [INFO] @: Teleported dhawan to -145.50, 166.50, 221.50[m
2023-03-31 18:16:57 [INFO] @: Teleported rv to -145.50, 166.50, 221.50[m
2023-03-31 18:20:17 [INFO] CONSOLE: Forcing save..[m
2023-03-31 18:20:17 [INFO] CONSOLE: Save complete.[m
2023-03-31 18:20:22 [INFO] CONSOLE: Enabled level saving..[m
2023-03-31 18:20:42 [INFO] Connection reset
2023-03-31 18:20:42 [INFO] dhawan lost connection: disconnect.quitting
2023-03-31 18:20:46 [INFO] CONSOLE: Forcing save..[m
2023-03-31 18:20:46 [INFO] CONSOLE: Save complete.[m
2023-03-31 18:20:48 [INFO] CONSOLE: Stopping the server..[m
2023-03-31 18:20:48 [INFO] Stopping server
2023-03-31 18:20:48 [INFO] Saving players
2023-03-31 18:20:48 [WARNING] DSCT: Socket closed
2023-03-31 18:20:48 [INFO] Closing listening thread
2023-03-31 18:20:48 [INFO] Saving worlds
2023-03-31 18:20:48 [INFO] Saving chunks for level 'world'/Overworld
2023-03-31 18:20:48 [INFO] Saving chunks for level 'world_the_end'/The End
2023-03-31 18:20:48 [INFO] Stopping server
2023-04-13 16:01:29 [INFO] Starting minecraft server version 1.5.2
2023-04-13 16:01:29 [INFO] Loading properties
2023-04-13 16:01:29 [INFO] Default game type: SURVIVAL
2023-04-13 16:01:29 [INFO] Generating keypair
2023-04-13 16:01:29 [INFO] Starting Minecraft server on *:25569
2023-04-13 16:01:29 [INFO] This server is running CraftBukkit version git-Bukkit-1.5.2-R1.0-b2788jnks (MC: 1.5.2) (Implementing API version 1.5.2-R1.0)
2023-04-13 16:01:29 [WARNING] **** SERVER IS RUNNING IN OFFLINE/INSECURE MODE!
2023-04-13 16:01:29 [WARNING] The server will make no attempt to authenticate usernames. Beware.
2023-04-13 16:01:29 [WARNING] While this makes the game possible to play without internet access, it also opens up the ability for hackers to connect with any username they choose.
2023-04-13 16:01:29 [WARNING] To change this, set "online-mode" to "true" in the server.properties file.
2023-04-13 16:01:29 [INFO] Preparing level "world"
2023-04-13 16:01:30 [INFO] Preparing start region for level 0 (Seed: -855162288097023011)
2023-04-13 16:01:30 [SEVERE] Exception in thread "Thread-5" 
2023-04-13 16:01:30 [SEVERE] org.bukkit.craftbukkit.libs.com.google.gson.JsonSyntaxException: java.lang.IllegalStateException: Expected BEGIN_OBJECT but was STRING at line 1 column 7
2023-04-13 16:01:30 [SEVERE] 	at org.bukkit.craftbukkit.libs.com.google.gson.internal.bind.ReflectiveTypeAdapterFactory$Adapter.read(ReflectiveTypeAdapterFactory.java:180)
2023-04-13 16:01:30 [SEVERE] 	at org.bukkit.craftbukkit.libs.com.google.gson.Gson.fromJson(Gson.java:755)
2023-04-13 16:01:30 [SEVERE] 	at org.bukkit.craftbukkit.libs.com.google.gson.Gson.fromJson(Gson.java:694)
2023-04-13 16:01:30 [SEVERE] 	at org.bukkit.craftbukkit.v1_5_R3.updater.BukkitDLUpdaterService.fetchArtifact(BukkitDLUpdaterService.java:51)
2023-04-13 16:01:30 [SEVERE] 	at org.bukkit.craftbukkit.v1_5_R3.updater.BukkitDLUpdaterService.getArtifact(BukkitDLUpdaterService.java:28)
2023-04-13 16:01:30 [SEVERE] 	at org.bukkit.craftbukkit.v1_5_R3.updater.AutoUpdater$1.run(AutoUpdater.java:77)
2023-04-13 16:01:30 [SEVERE] Caused by: java.lang.IllegalStateException: Expected BEGIN_OBJECT but was STRING at line 1 column 7
2023-04-13 16:01:30 [SEVERE] 	at org.bukkit.craftbukkit.libs.com.google.gson.stream.JsonReader.expect(JsonReader.java:339)
2023-04-13 16:01:30 [SEVERE] 	at org.bukkit.craftbukkit.libs.com.google.gson.stream.JsonReader.beginObject(JsonReader.java:322)
2023-04-13 16:01:30 [SEVERE] 	at org.bukkit.craftbukkit.libs.com.google.gson.internal.bind.ReflectiveTypeAdapterFactory$Adapter.read(ReflectiveTypeAdapterFactory.java:168)
2023-04-13 16:01:30 [SEVERE] 	... 5 more
2023-04-13 16:01:30 [INFO] Preparing start region for level 1 (Seed: -855162288097023011)
2023-04-13 16:01:30 [INFO] Server permissions file permissions.yml is empty, ignoring it
2023-04-13 16:01:31 [INFO] Done (1.185s)! For help, type "help" or "?"
2023-04-13 16:21:16 [INFO] Stopping server
