2023-03-23 17:54:05 [INFO] Starting minecraft server version 1.5.2
2023-03-23 17:54:05 [INFO] Loading properties
2023-03-23 17:54:05 [INFO] Default game type: SURVIVAL
2023-03-23 17:54:05 [INFO] Generating keypair
2023-03-23 17:54:05 [INFO] Starting Minecraft server on 127.0.0.1:25569
2023-03-23 17:54:05 [INFO] This server is running CraftBukkit version git-Bukkit-1.5.2-R1.0-b2788jnks (MC: 1.5.2) (Implementing API version 1.5.2-R1.0)
2023-03-23 17:54:06 [WARNING] Failed to load operators list: java.io.FileNotFoundException: ./ops.txt (No such file or directory)
2023-03-23 17:54:06 [WARNING] Failed to load white-list: java.io.FileNotFoundException: ./white-list.txt (No such file or directory)
2023-03-23 17:54:06 [WARNING] **** SERVER IS RUNNING IN OFFLINE/INSECURE MODE!
2023-03-23 17:54:06 [WARNING] The server will make no attempt to authenticate usernames. Beware.
2023-03-23 17:54:06 [WARNING] While this makes the game possible to play without internet access, it also opens up the ability for hackers to connect with any username they choose.
2023-03-23 17:54:06 [WARNING] To change this, set "online-mode" to "true" in the server.properties file.
2023-03-23 17:54:06 [INFO] Preparing level "world"
2023-03-23 17:54:06 [SEVERE] Exception in thread "Thread-5" 
2023-03-23 17:54:06 [SEVERE] org.bukkit.craftbukkit.libs.com.google.gson.JsonSyntaxException: java.lang.IllegalStateException: Expected BEGIN_OBJECT but was STRING at line 1 column 7
2023-03-23 17:54:06 [SEVERE] 	at org.bukkit.craftbukkit.libs.com.google.gson.internal.bind.ReflectiveTypeAdapterFactory$Adapter.read(ReflectiveTypeAdapterFactory.java:180)
2023-03-23 17:54:06 [SEVERE] 	at org.bukkit.craftbukkit.libs.com.google.gson.Gson.fromJson(Gson.java:755)
2023-03-23 17:54:06 [SEVERE] 	at org.bukkit.craftbukkit.libs.com.google.gson.Gson.fromJson(Gson.java:694)
2023-03-23 17:54:06 [SEVERE] 	at org.bukkit.craftbukkit.v1_5_R3.updater.BukkitDLUpdaterService.fetchArtifact(BukkitDLUpdaterService.java:51)
2023-03-23 17:54:06 [SEVERE] 	at org.bukkit.craftbukkit.v1_5_R3.updater.BukkitDLUpdaterService.getArtifact(BukkitDLUpdaterService.java:28)
2023-03-23 17:54:06 [SEVERE] 	at org.bukkit.craftbukkit.v1_5_R3.updater.AutoUpdater$1.run(AutoUpdater.java:77)
2023-03-23 17:54:06 [SEVERE] Caused by: java.lang.IllegalStateException: Expected BEGIN_OBJECT but was STRING at line 1 column 7
2023-03-23 17:54:06 [SEVERE] 	at org.bukkit.craftbukkit.libs.com.google.gson.stream.JsonReader.expect(JsonReader.java:339)
2023-03-23 17:54:06 [SEVERE] 	at org.bukkit.craftbukkit.libs.com.google.gson.stream.JsonReader.beginObject(JsonReader.java:322)
2023-03-23 17:54:06 [SEVERE] 	at org.bukkit.craftbukkit.libs.com.google.gson.internal.bind.ReflectiveTypeAdapterFactory$Adapter.read(ReflectiveTypeAdapterFactory.java:168)
2023-03-23 17:54:06 [SEVERE] 	... 5 more
2023-03-23 17:54:06 [WARNING] Unable to find spawn biome
2023-03-23 17:54:06 [INFO] Preparing start region for level 0 (Seed: -9132020674994176542)
2023-03-23 17:54:07 [INFO] Preparing spawn area: 12%
2023-03-23 17:54:08 [INFO] Preparing spawn area: 24%
2023-03-23 17:54:10 [INFO] Preparing spawn area: 37%
2023-03-23 17:54:11 [INFO] Preparing spawn area: 58%
2023-03-23 17:54:12 [INFO] Preparing spawn area: 70%
2023-03-23 17:54:13 [INFO] Preparing spawn area: 87%
2023-03-23 17:54:13 [INFO] Preparing start region for level 1 (Seed: -9132020674994176542)
2023-03-23 17:54:14 [INFO] Preparing spawn area: 0%
2023-03-23 17:54:15 [INFO] Preparing spawn area: 16%
2023-03-23 17:54:16 [INFO] Preparing spawn area: 45%
2023-03-23 17:54:17 [INFO] Preparing spawn area: 70%
2023-03-23 17:54:17 [INFO] Preparing start region for level 2 (Seed: -9132020674994176542)
2023-03-23 17:54:18 [INFO] Preparing spawn area: 0%
2023-03-23 17:54:19 [INFO] Preparing spawn area: 53%
2023-03-23 17:54:20 [INFO] Server permissions file permissions.yml is empty, ignoring it
2023-03-23 17:54:20 [INFO] Done (13.972s)! For help, type "help" or "?"
2023-03-23 17:54:20 [INFO] Crash Loop Detector is Running! (30sec)
2023-03-23 17:54:20 [INFO] To increase, add "--crashTimeout [sec]" to the program's arguments
2023-03-23 17:54:27 [INFO] CONSOLE: Enabled level saving..[m
